[debug] [2023-02-26T13:53:09.695Z] ----------------------------------------------------------------------
[debug] [2023-02-26T13:53:09.700Z] Command:       C:\Program Files\nodejs\node.exe C:\Program Files\nodejs\node_modules\firebase-tools\lib\bin\firebase.js login
[debug] [2023-02-26T13:53:09.700Z] CLI Version:   11.23.1
[debug] [2023-02-26T13:53:09.701Z] Platform:      win32
[debug] [2023-02-26T13:53:09.701Z] Node Version:  v19.2.0
[debug] [2023-02-26T13:53:09.701Z] Time:          Sun Feb 26 2023 19:23:09 GMT+0530 (India Standard Time)
[debug] [2023-02-26T13:53:09.701Z] ----------------------------------------------------------------------
[debug] 
[info] Already logged in as 721135bappa@gmail.com
[debug] [2023-02-26T13:53:14.885Z] Error: Timed out.
    at Timeout._onTimeout (C:\Users\BAPPADITYA SING\AppData\Roaming\nvm\v19.2.0\node_modules\firebase-tools\lib\utils.js:253:49)
    at listOnTimeout (node:internal/timers:564:17)
    at process.processTimers (node:internal/timers:507:7)
[error] 
[error] Error: An unexpected error has occurred.
[debug] [2023-02-26T13:53:48.667Z] ----------------------------------------------------------------------
[debug] [2023-02-26T13:53:48.672Z] Command:       C:\Program Files\nodejs\node.exe C:\Program Files\nodejs\node_modules\firebase-tools\lib\bin\firebase.js init
[debug] [2023-02-26T13:53:48.673Z] CLI Version:   11.23.1
[debug] [2023-02-26T13:53:48.673Z] Platform:      win32
[debug] [2023-02-26T13:53:48.674Z] Node Version:  v19.2.0
[debug] [2023-02-26T13:53:48.674Z] Time:          Sun Feb 26 2023 19:23:48 GMT+0530 (India Standard Time)
[debug] [2023-02-26T13:53:48.674Z] ----------------------------------------------------------------------
[debug] 
[debug] [2023-02-26T13:53:48.778Z] > command requires scopes: ["email","openid","https://www.googleapis.com/auth/cloudplatformprojects.readonly","https://www.googleapis.com/auth/firebase","https://www.googleapis.com/auth/cloud-platform"]
[debug] [2023-02-26T13:53:48.778Z] > authorizing via signed-in user (721135bappa@gmail.com)
[info] 
     ######## #### ########  ######## ########     ###     ######  ########
     ##        ##  ##     ## ##       ##     ##  ##   ##  ##       ##
     ######    ##  ########  ######   ########  #########  ######  ######
     ##        ##  ##    ##  ##       ##     ## ##     ##       ## ##
     ##       #### ##     ## ######## ########  ##     ##  ######  ########

You're about to initialize a Firebase project in this directory:

  E:\React Js\my-notes

Before we get started, keep in mind:

  * You are initializing within an existing Firebase project directory

[info] 
=== Project Setup
[info] 
[info] First, let's associate this project directory with a Firebase project.
[info] You can create multiple project aliases by running firebase use --add, 
[info] but for now we'll just set up a default project.
[info] 
[debug] [2023-02-26T13:54:02.647Z] Using project from CLI flag: my-note-app-91c7f
[debug] [2023-02-26T13:54:02.649Z] > refreshing access token with scopes: []
[debug] [2023-02-26T13:54:02.652Z] >>> [apiv2][query] POST https://www.googleapis.com/oauth2/v3/token [none]
[debug] [2023-02-26T13:54:02.652Z] >>> [apiv2][body] POST https://www.googleapis.com/oauth2/v3/token [omitted]
[debug] [2023-02-26T13:54:14.761Z] Authentication Error: Your credentials are no longer valid. Please run firebase login --reauth

For CI servers and headless environments, generate a new token with firebase login:ci
[debug] [2023-02-26T13:54:19.785Z] Error: Timed out.
    at Timeout._onTimeout (C:\Users\BAPPADITYA SING\AppData\Roaming\nvm\v19.2.0\node_modules\firebase-tools\lib\utils.js:253:49)
    at listOnTimeout (node:internal/timers:564:17)
    at process.processTimers (node:internal/timers:507:7)
[error] 
[error] Error: An unexpected error has occurred.
